<?xml version="1.0" encoding="UTF-8"?>
<testsuite xmlns:xsi="http://www.w3.org/2001/XMLSchema-instance" xsi:noNamespaceSchemaLocation="https://maven.apache.org/surefire/maven-surefire-plugin/xsd/surefire-test-report-3.0.xsd" version="3.0" name="tqs.lab6.CucumberTest" time="0.078" tests="10" errors="0" skipped="0" failures="0">
  <properties>
[...]
</properties>
  <testcase name="Addition of two numbers" classname="RPN Calculator" time="0.033"/>
  <testcase name="Subtraction of two numbers" classname="RPN Calculator" time="0.002"/>
  <testcase name="Multiplication of two numbers" classname="RPN Calculator" time="0.001"/>
  <testcase name="Division of two numbers" classname="RPN Calculator" time="0.001"/>
  <testcase name="Complex expression (3 + 4) * 2" classname="RPN Calculator" time="0.002"/>
  <testcase name="Power operation" classname="RPN Calculator" time="0.001"/>
  <testcase name="Example #1.1" classname="Examples" time="0.001"/>
  <testcase name="Example #1.2" classname="Examples" time="0.002"/>
  <testcase name="Example #1.3" classname="Examples" time="0.001"/>
  <testcase name="Example #1.4" classname="Examples" time="0.001"/>
</testsuite>