<?xml version="1.0" encoding="UTF-8"?>
<testsuite xmlns:xsi="http://www.w3.org/2001/XMLSchema-instance" xsi:noNamespaceSchemaLocation="https://maven.apache.org/surefire/maven-surefire-plugin/xsd/surefire-test-report.xsd" version="3.0.2" name="ua.TqsCalculatorTest" time="0.105" tests="6" errors="0" skipped="0" failures="0">
  <properties>
[...]
</properties>
  <testcase name="subtract" classname="ua.TqsCalculatorTest" time="0.011">
    <system-out><![CDATA[2025-09-22 22:33:34 [main] DEBUG ua.TqsCalculatorTest.subtract(28) -- Testing subtract method in ua.TqsCalculator
]]></system-out>
  </testcase>
  <testcase name="divide" classname="ua.TqsCalculatorTest" time="0.001"/>
  <testcase name="add" classname="ua.TqsCalculatorTest" time="0.001">
    <system-out><![CDATA[2025-09-22 22:33:34 [main] DEBUG ua.TqsCalculatorTest.add(19) -- Testing sum method in ua.TqsCalculator
]]></system-out>
  </testcase>
  <testcase name="exp" classname="ua.TqsCalculatorTest" time="0.001"/>
  <testcase name="sqrt" classname="ua.TqsCalculatorTest" time="0.0"/>
  <testcase name="multiply" classname="ua.TqsCalculatorTest" time="0.0"/>
</testsuite>