<?xml version="1.0" encoding="UTF-8"?>
<testsuite xmlns:xsi="http://www.w3.org/2001/XMLSchema-instance" xsi:noNamespaceSchemaLocation="https://maven.apache.org/surefire/maven-surefire-plugin/xsd/surefire-test-report-3.0.xsd" version="3.0" name="tqs.MealsBookingServiceTest" time="0.064" tests="9" errors="0" skipped="0" failures="0">
  <properties>
[...]
</properties>
  <testcase name="capacityLimit" classname="tqs.MealsBookingServiceTest" time="0.027"/>
  <testcase name="noDoubleBooking" classname="tqs.MealsBookingServiceTest" time="0.001"/>
  <testcase name="bookMealWithDietaryRequirements" classname="tqs.MealsBookingServiceTest" time="0.002"/>
  <testcase name="nullStudentThrows" classname="tqs.MealsBookingServiceTest" time="0.001"/>
  <testcase name="bookMealSuccess" classname="tqs.MealsBookingServiceTest" time="0.001"/>
  <testcase name="checkInBooking" classname="tqs.MealsBookingServiceTest" time="0.0"/>
  <testcase name="cancelledTicketCannotBeUsed" classname="tqs.MealsBookingServiceTest" time="0.001"/>
  <testcase name="usedTicketCannotBeUsedAgain" classname="tqs.MealsBookingServiceTest" time="0.0"/>
  <testcase name="invalidTokenThrows" classname="tqs.MealsBookingServiceTest" time="0.0"/>
</testsuite>