<?xml version="1.0" encoding="UTF-8"?>
<testsuite xmlns:xsi="http://www.w3.org/2001/XMLSchema-instance" xsi:noNamespaceSchemaLocation="https://maven.apache.org/surefire/maven-surefire-plugin/xsd/surefire-test-report-3.0.xsd" version="3.0" name="tqs.TqsStackTest" time="0.032" tests="9" errors="0" skipped="0" failures="0">
  <properties>
[...]
</properties>
  <testcase name="emptyOnConstruction" classname="tqs.TqsStackTest" time="0.013"/>
  <testcase name="pushThenPeek" classname="tqs.TqsStackTest" time="0.001"/>
  <testcase name="pushThenPop" classname="tqs.TqsStackTest" time="0.0"/>
  <testcase name="popTopN" classname="tqs.TqsStackTest" time="0.001"/>
  <testcase name="popAllElements" classname="tqs.TqsStackTest" time="0.0"/>
  <testcase name="pushMakesStackNotEmpty" classname="tqs.TqsStackTest" time="0.0"/>
  <testcase name="sizeZeroOnConstruction" classname="tqs.TqsStackTest" time="0.001"/>
  <testcase name="popEmptyThrows" classname="tqs.TqsStackTest" time="0.0"/>
  <testcase name="peekEmptyThrows" classname="tqs.TqsStackTest" time="0.0"/>
</testsuite>